<?xml version="1.0" encoding="UTF-8"?>
<!-- Generated by org.testng.reporters.JUnitReportReporter -->
<testsuite hostname="HP-PC" failures="0" tests="1" name="testNGall.AssertTest1" time="11.148" errors="0" timestamp="2024-01-04T13:33:08 IST" skipped="0">
  <testcase classname="testNGall.AssertTest1" name="titletest" time="11.148"/>
  <system-out/>
</testsuite> <!-- testNGall.AssertTest1 -->
