<?xml version="1.0" encoding="UTF-8"?>
<!-- Generated by org.testng.reporters.JUnitReportReporter -->
<testsuite hostname="HP-PC" failures="0" tests="1" name="demoForFramewrok2023.Test2023" time="37.579" errors="0" timestamp="2023-06-19T13:01:49 IST" skipped="0">
  <testcase classname="demoForFramewrok2023.Test2023" name="test222" time="37.579"/>
  <system-out/>
</testsuite> <!-- demoForFramewrok2023.Test2023 -->
