<?xml version="1.0" encoding="UTF-8"?>
<!-- Generated by org.testng.reporters.JUnitReportReporter -->
<testsuite hostname="HP-PC" failures="0" tests="4" name="testNGall.GroupDemo" time="0.017" errors="0" timestamp="2024-01-04T12:19:19 IST" skipped="0">
  <testcase classname="testNGall.GroupDemo" name="atest" time="0.004"/>
  <system-out/>
  <testcase classname="testNGall.GroupDemo" name="ctest" time="0.003"/>
  <system-out/>
  <testcase classname="testNGall.GroupDemo" name="dtest" time="0.004"/>
  <system-out/>
  <testcase classname="testNGall.GroupDemo" name="btest" time="0.006"/>
  <system-out/>
</testsuite> <!-- testNGall.GroupDemo -->
