<?xml version="1.0" encoding="UTF-8"?>
<!-- Generated by org.testng.reporters.JUnitReportReporter -->
<testsuite hostname="HP-PC" failures="0" tests="2" name="testNGall.BeforeAfter" time="0.012" errors="0" timestamp="2022-02-11T10:52:16 IST" skipped="0">
  <testcase classname="testNGall.BeforeAfter" name="btest" time="0.002"/>
  <system-out>
    <![CDATA[xxxxxxhhhufwaiifji]]>
  </system-out>
  <testcase classname="testNGall.BeforeAfter" name="atest" time="0.010"/>
  <system-out/>
</testsuite> <!-- testNGall.BeforeAfter -->
