<?xml version="1.0" encoding="UTF-8"?>
<!-- Generated by org.testng.reporters.JUnitReportReporter -->
<testsuite hostname="HP-PC" failures="0" tests="1" name="testNGall.Test2" time="15.910" errors="0" timestamp="2021-10-01T14:37:21 IST" skipped="0">
  <testcase classname="testNGall.Test2" name="logintest" time="15.910"/>
  <system-out/>
</testsuite> <!-- testNGall.Test2 -->
