<?xml version="1.0" encoding="UTF-8"?>
<!-- Generated by org.testng.reporters.JUnitReportReporter -->
<testsuite hostname="HP-PC" failures="0" tests="2" name="testsEx.Testsssss" time="100.850" errors="0" timestamp="2023-05-07T12:00:24 IST" skipped="0">
  <testcase classname="testsEx.Testsssss" name="test2" time="89.139"/>
  <system-out/>
  <testcase classname="testsEx.Testsssss" name="Test1" time="11.711"/>
  <system-out/>
</testsuite> <!-- testsEx.Testsssss -->
