<?xml version="1.0" encoding="UTF-8"?>
<!-- Generated by org.testng.reporters.JUnitReportReporter -->
<testsuite hostname="HP-PC" failures="0" tests="2" name="crossBrowserTesting.Test1" time="26.807" errors="0" timestamp="2023-05-27T13:24:06 IST" skipped="0">
  <testcase classname="crossBrowserTesting.Test1" name="test2023New" time="14.445"/>
  <system-out/>
  <testcase classname="crossBrowserTesting.Test1" name="test2023New" time="12.362"/>
  <system-out/>
</testsuite> <!-- crossBrowserTesting.Test1 -->
