<?xml version="1.0" encoding="UTF-8"?>
<!-- Generated by org.testng.reporters.JUnitReportReporter -->
<testsuite hostname="HP-PC" failures="0" tests="1" name="testNGall.Trial" time="9.240" errors="0" timestamp="2024-01-04T13:40:41 IST" skipped="0">
  <testcase classname="testNGall.Trial" name="test11" time="9.240"/>
  <system-out/>
</testsuite> <!-- testNGall.Trial -->
