<?xml version="1.0" encoding="UTF-8"?>
<!-- Generated by org.testng.reporters.JUnitReportReporter -->
<testsuite hostname="HP-PC" failures="0" tests="4" name="remainingTestNGRevision.Dataproviders" time="0.013" errors="0" timestamp="2022-01-31T15:56:20 IST" skipped="0">
  <testcase classname="remainingTestNGRevision.Dataproviders" name="test2" time="0.001"/>
  <system-out>
    <![CDATA[method nametest2
status of execution is1]]>
  </system-out>
  <testcase classname="remainingTestNGRevision.Dataproviders" name="test1" time="0.002"/>
  <system-out>
    <![CDATA[method nametest1
status of execution is1]]>
  </system-out>
  <testcase classname="remainingTestNGRevision.Dataproviders" name="test1" time="0.008"/>
  <system-out>
    <![CDATA[method nametest1
status of execution is1]]>
  </system-out>
  <testcase classname="remainingTestNGRevision.Dataproviders" name="test2" time="0.002"/>
  <system-out>
    <![CDATA[method nametest2
status of execution is1]]>
  </system-out>
</testsuite> <!-- remainingTestNGRevision.Dataproviders -->
