<?xml version="1.0" encoding="UTF-8"?>
<!-- Generated by org.testng.reporters.JUnitReportReporter -->
<testsuite hostname="HP-PC" failures="0" tests="4" name="testNGall.REalDatProverexmpl" time="149.410" errors="0" timestamp="2021-10-06T15:24:12 IST" skipped="0">
  <testcase classname="testNGall.REalDatProverexmpl" name="test" time="36.675"/>
  <system-out/>
  <testcase classname="testNGall.REalDatProverexmpl" name="test" time="20.684"/>
  <system-out/>
  <testcase classname="testNGall.REalDatProverexmpl" name="test" time="34.522"/>
  <system-out/>
  <testcase classname="testNGall.REalDatProverexmpl" name="test" time="57.529"/>
  <system-out/>
</testsuite> <!-- testNGall.REalDatProverexmpl -->
