<?xml version="1.0" encoding="UTF-8"?>
<!-- Generated by org.testng.reporters.JUnitReportReporter -->
<testsuite hostname="HP-PC" failures="0" tests="2" name="testNGall.BeforeMandAfterM" time="0.166" errors="0" timestamp="2024-01-03T19:41:14 IST" skipped="0">
  <testcase classname="testNGall.BeforeMandAfterM" name="btest" time="0.160"/>
  <system-out/>
  <testcase classname="testNGall.BeforeMandAfterM" name="atest" time="0.006"/>
  <system-out/>
</testsuite> <!-- testNGall.BeforeMandAfterM -->
