<?xml version="1.0" encoding="UTF-8"?>
<!-- Generated by org.testng.reporters.JUnitReportReporter -->
<testsuite hostname="HP-PC" failures="0" tests="3" name="testNGall.SkipDemoTest" time="0.018" errors="0" timestamp="2024-01-04T13:19:46 IST" skipped="2">
  <testcase classname="testNGall.SkipDemoTest" name="skiptest2" time="0.014">
    <skipped/>
  </testcase> <!-- skiptest2 -->
  <system-out/>
  <testcase classname="testNGall.SkipDemoTest" name="skiptest3" time="0.004"/>
  <system-out/>
  <testcase classname="testNGall.SkipDemoTest" name="skiptest1">
    <skipped/>
  </testcase> <!-- skiptest1 -->
  <system-out/>
</testsuite> <!-- testNGall.SkipDemoTest -->
