<?xml version="1.0" encoding="UTF-8"?>
<!-- Generated by org.testng.reporters.JUnitReportReporter -->
<testsuite hostname="HP-PC" failures="0" tests="4" name="testNGall.BeforeGroupsClassForBeforeSuit" time="0.102" errors="0" timestamp="2024-01-04T12:19:19 IST" skipped="0">
  <testcase classname="testNGall.BeforeGroupsClassForBeforeSuit" name="etest" time="0.004"/>
  <system-out/>
  <testcase classname="testNGall.BeforeGroupsClassForBeforeSuit" name="dtest" time="0.005"/>
  <system-out/>
  <testcase classname="testNGall.BeforeGroupsClassForBeforeSuit" name="btest" time="0.089"/>
  <system-out/>
  <testcase classname="testNGall.BeforeGroupsClassForBeforeSuit" name="ctest" time="0.004"/>
  <system-out/>
</testsuite> <!-- testNGall.BeforeGroupsClassForBeforeSuit -->
