<?xml version="1.0" encoding="UTF-8"?>
<!-- Generated by org.testng.reporters.JUnitReportReporter -->
<testsuite hostname="HP-PC" failures="0" tests="4" name="testNGall.RealDataProviderexmple" time="29.882" errors="0" timestamp="2024-01-04T12:26:44 IST" skipped="0">
  <testcase classname="testNGall.RealDataProviderexmple" name="test" time="10.305"/>
  <system-out/>
  <testcase classname="testNGall.RealDataProviderexmple" name="test" time="4.331"/>
  <system-out/>
  <testcase classname="testNGall.RealDataProviderexmple" name="test" time="10.649"/>
  <system-out/>
  <testcase classname="testNGall.RealDataProviderexmple" name="test" time="4.597"/>
  <system-out/>
</testsuite> <!-- testNGall.RealDataProviderexmple -->
