<?xml version="1.0" encoding="UTF-8"?>
<!-- Generated by org.testng.reporters.JUnitReportReporter -->
<testsuite hostname="HP-PC" failures="0" tests="1" name="forAllureParrallelAndashot.ClassForAllureParrelleTestandashot" time="13.202" errors="0" timestamp="2022-05-22T09:39:56 IST" skipped="0">
  <testcase classname="forAllureParrallelAndashot.ClassForAllureParrelleTestandashot" name="runParralelDemo" time="13.202"/>
  <system-out/>
</testsuite> <!-- forAllureParrallelAndashot.ClassForAllureParrelleTestandashot -->
