<?xml version="1.0" encoding="UTF-8"?>
<!-- Generated by org.testng.reporters.JUnitReportReporter -->
<testsuite hostname="HP-PC" failures="0" tests="3" name="testNGall.DtaPrivdrDemo" time="0.000" errors="0" timestamp="2022-01-24T12:25:58 IST" skipped="3">
  <testcase classname="testNGall.DtaPrivdrDemo" name="test" time="0.000">
    <skipped/>
  </testcase> <!-- test -->
  <system-out/>
  <testcase classname="testNGall.DtaPrivdrDemo" name="test" time="0.000">
    <skipped/>
  </testcase> <!-- test -->
  <system-out/>
  <testcase classname="testNGall.DtaPrivdrDemo" name="test" time="0.000">
    <skipped/>
  </testcase> <!-- test -->
  <system-out/>
</testsuite> <!-- testNGall.DtaPrivdrDemo -->
