<?xml version="1.0" encoding="UTF-8"?>
<!-- Generated by org.testng.reporters.JUnitReportReporter -->
<testsuite hostname="HP-PC" failures="0" tests="2" name="remainingTestNGRevision.PriorityandDescription" time="0.014" errors="0" timestamp="2022-02-11T10:55:07 IST" skipped="0">
  <testcase classname="remainingTestNGRevision.PriorityandDescription" name="endtest" time="0.013"/>
  <system-out/>
  <testcase classname="remainingTestNGRevision.PriorityandDescription" name="loginTest1" time="0.001"/>
  <system-out/>
</testsuite> <!-- remainingTestNGRevision.PriorityandDescription -->
