<?xml version="1.0" encoding="UTF-8"?>
<!-- Generated by org.testng.reporters.JUnitReportReporter -->
<testsuite hostname="HP-PC" failures="0" tests="2" name="testNGall.Test10" time="52.321" errors="0" timestamp="2021-09-30T12:31:49 IST" skipped="0">
  <testcase classname="testNGall.Test10" name="logintest" time="52.319"/>
  <system-out/>
  <testcase classname="testNGall.Test10" name="test2" time="0.002"/>
  <system-out/>
</testsuite> <!-- testNGall.Test10 -->
