<?xml version="1.0" encoding="UTF-8"?>
<!-- Generated by org.testng.reporters.JUnitReportReporter -->
<testsuite hostname="HP-PC" failures="0" tests="3" name="remainingTestNGRevision.ReportsTestss" time="0.012" errors="0" timestamp="2022-01-31T15:50:35 IST" skipped="0">
  <testcase classname="remainingTestNGRevision.ReportsTestss" name="tets2" time="0.002"/>
  <system-out/>
  <testcase classname="remainingTestNGRevision.ReportsTestss" name="test1" time="0.008"/>
  <system-out/>
  <testcase classname="remainingTestNGRevision.ReportsTestss" name="tets3" time="0.002"/>
  <system-out>
    <![CDATA[thirds class]]>
  </system-out>
</testsuite> <!-- remainingTestNGRevision.ReportsTestss -->
